Using pre-set license
Built from '2021.3/staging' branch; Version is '2021.3.18f1 (3129e69bc0c7) revision 3221990'; Using compiler version '192829333'; Build Type 'Release'
OS: 'Windows 11  (10.0.22621) 64bit Professional' Language: 'tr' Physical Memory: 16318 MB
BatchMode: 1, IsHumanControllingUs: 0, StartBugReporterOnCrash: 0, Is64bit: 1, IsPro: 1

COMMAND LINE ARGUMENTS:
C:\Program Files\Unity\Hub\Editor\2021.3.18f1\Editor\Unity.exe
-adb2
-batchMode
-noUpm
-name
AssetImportWorker2
-projectPath
E:/Ülkem E/Unity Projeler/Unity-Runner-Game/Runner
-logFile
Logs/AssetImportWorker2.log
-srvPort
63859
Successfully changed project path to: E:/Ülkem E/Unity Projeler/Unity-Runner-Game/Runner
E:/Ülkem E/Unity Projeler/Unity-Runner-Game/Runner
[UnityMemory] Configuration Parameters - Can be set up in boot.config
    "memorysetup-bucket-allocator-granularity=16"
    "memorysetup-bucket-allocator-bucket-count=8"
    "memorysetup-bucket-allocator-block-size=33554432"
    "memorysetup-bucket-allocator-block-count=8"
    "memorysetup-main-allocator-block-size=16777216"
    "memorysetup-thread-allocator-block-size=16777216"
    "memorysetup-gfx-main-allocator-block-size=16777216"
    "memorysetup-gfx-thread-allocator-block-size=16777216"
    "memorysetup-cache-allocator-block-size=4194304"
    "memorysetup-typetree-allocator-block-size=2097152"
    "memorysetup-profiler-bucket-allocator-granularity=16"
    "memorysetup-profiler-bucket-allocator-bucket-count=8"
    "memorysetup-profiler-bucket-allocator-block-size=33554432"
    "memorysetup-profiler-bucket-allocator-block-count=8"
    "memorysetup-profiler-allocator-block-size=16777216"
    "memorysetup-profiler-editor-allocator-block-size=1048576"
    "memorysetup-temp-allocator-size-main=16777216"
    "memorysetup-job-temp-allocator-block-size=2097152"
    "memorysetup-job-temp-allocator-block-size-background=1048576"
    "memorysetup-job-temp-allocator-reduction-small-platforms=262144"
    "memorysetup-temp-allocator-size-background-worker=32768"
    "memorysetup-temp-allocator-size-job-worker=262144"
    "memorysetup-temp-allocator-size-preload-manager=33554432"
    "memorysetup-temp-allocator-size-nav-mesh-worker=65536"
    "memorysetup-temp-allocator-size-audio-worker=65536"
    "memorysetup-temp-allocator-size-cloud-worker=32768"
    "memorysetup-temp-allocator-size-gi-baking-worker=262144"
    "memorysetup-temp-allocator-size-gfx=262144"
Player connection [2200] Host "[IP] 192.168.0.28 [Port] 0 [Flags] 2 [Guid] 810260499 [EditorId] 810260499 [Version] 1048832 [Id] WindowsEditor(7,DESKTOP-B8IFLMR) [Debug] 1 [PackageName] WindowsEditor [ProjectName] Editor" joined multi-casting on [225.0.0.222:54997]...

Player connection [2200] Host "[IP] 192.168.0.28 [Port] 0 [Flags] 2 [Guid] 810260499 [EditorId] 810260499 [Version] 1048832 [Id] WindowsEditor(7,DESKTOP-B8IFLMR) [Debug] 1 [PackageName] WindowsEditor [ProjectName] Editor" joined alternative multi-casting on [225.0.0.222:34997]...

Refreshing native plugins compatible for Editor in 88.74 ms, found 3 plugins.
Preloading 0 native plugins for Editor in 0.00 ms.
Initialize engine version: 2021.3.18f1 (3129e69bc0c7)
[Subsystems] Discovering subsystems at path C:/Program Files/Unity/Hub/Editor/2021.3.18f1/Editor/Data/Resources/UnitySubsystems
[Subsystems] Discovering subsystems at path E:/Ülkem E/Unity Projeler/Unity-Runner-Game/Runner/Assets
GfxDevice: creating device client; threaded=0; jobified=0
Direct3D:
    Version:  Direct3D 11.0 [level 11.1]
    Renderer: NVIDIA GeForce RTX 2060 (ID=0x1e89)
    Vendor:   NVIDIA
    VRAM:     5968 MB
    Driver:   31.0.15.1694
Initialize mono
Mono path[0] = 'C:/Program Files/Unity/Hub/Editor/2021.3.18f1/Editor/Data/Managed'
Mono path[1] = 'C:/Program Files/Unity/Hub/Editor/2021.3.18f1/Editor/Data/MonoBleedingEdge/lib/mono/unityjit-win32'
Mono config path = 'C:/Program Files/Unity/Hub/Editor/2021.3.18f1/Editor/Data/MonoBleedingEdge/etc'
Using monoOptions --debugger-agent=transport=dt_socket,embedding=1,server=y,suspend=n,address=127.0.0.1:56484
Begin MonoManager ReloadAssembly
Registering precompiled unity dll's ...
Register platform support module: C:/Program Files/Unity/Hub/Editor/2021.3.18f1/Editor/Data/PlaybackEngines/AndroidPlayer/UnityEditor.Android.Extensions.dll
Register platform support module: C:/Program Files/Unity/Hub/Editor/2021.3.18f1/Editor/Data/PlaybackEngines/WindowsStandaloneSupport/UnityEditor.WindowsStandalone.Extensions.dll
Registered in 0.004544 seconds.
Native extension for WindowsStandalone target not found
Native extension for Android target not found
Android Extension - Scanning For ADB Devices 200 ms
Refreshing native plugins compatible for Editor in 83.46 ms, found 3 plugins.
Preloading 0 native plugins for Editor in 0.00 ms.
Mono: successfully reloaded assembly
- Completed reload, in  0.793 seconds
Domain Reload Profiling:
	ReloadAssembly (793ms)
		BeginReloadAssembly (76ms)
			ExecutionOrderSort (0ms)
			DisableScriptedObjects (0ms)
			BackupInstance (0ms)
			ReleaseScriptingObjects (0ms)
			CreateAndSetChildDomain (1ms)
		EndReloadAssembly (607ms)
			LoadAssemblies (74ms)
			RebuildTransferFunctionScriptingTraits (0ms)
			SetupTypeCache (92ms)
			ReleaseScriptCaches (0ms)
			RebuildScriptCaches (23ms)
			SetupLoadedEditorAssemblies (449ms)
				LogAssemblyErrors (0ms)
				InitializePlatformSupportModulesInManaged (254ms)
				SetLoadedEditorAssemblies (0ms)
				RefreshPlugins (84ms)
				BeforeProcessingInitializeOnLoad (1ms)
				ProcessInitializeOnLoadAttributes (76ms)
				ProcessInitializeOnLoadMethodAttributes (35ms)
				AfterProcessingInitializeOnLoad (0ms)
				EditorAssembliesLoaded (0ms)
			ExecutionOrderSort2 (0ms)
			AwakeInstancesAfterBackupRestoration (0ms)
Platform modules already initialized, skipping
Registering precompiled user dll's ...
Registered in 0.002653 seconds.
Begin MonoManager ReloadAssembly
Symbol file LoadedFromMemory doesn't match image E:\Ülkem E\Unity Projeler\Unity-Runner-Game\Runner\Library\PackageCache\com.unity.visualscripting@1.8.0\Editor\VisualScripting.Core\Dependencies\YamlDotNet\Unity.VisualScripting.YamlDotNet.dll
Symbol file LoadedFromMemory doesn't match image E:\Ülkem E\Unity Projeler\Unity-Runner-Game\Runner\Library\PackageCache\com.unity.visualscripting@1.8.0\Editor\VisualScripting.Core\Dependencies\DotNetZip\Unity.VisualScripting.IonicZip.dll
Native extension for WindowsStandalone target not found
Native extension for Android target not found
Refreshing native plugins compatible for Editor in 0.57 ms, found 3 plugins.
Preloading 0 native plugins for Editor in 0.00 ms.
Mono: successfully reloaded assembly
- Completed reload, in  0.860 seconds
Domain Reload Profiling:
	ReloadAssembly (860ms)
		BeginReloadAssembly (88ms)
			ExecutionOrderSort (0ms)
			DisableScriptedObjects (5ms)
			BackupInstance (0ms)
			ReleaseScriptingObjects (0ms)
			CreateAndSetChildDomain (16ms)
		EndReloadAssembly (672ms)
			LoadAssemblies (59ms)
			RebuildTransferFunctionScriptingTraits (0ms)
			SetupTypeCache (223ms)
			ReleaseScriptCaches (1ms)
			RebuildScriptCaches (54ms)
			SetupLoadedEditorAssemblies (291ms)
				LogAssemblyErrors (0ms)
				InitializePlatformSupportModulesInManaged (14ms)
				SetLoadedEditorAssemblies (0ms)
				RefreshPlugins (1ms)
				BeforeProcessingInitializeOnLoad (76ms)
				ProcessInitializeOnLoadAttributes (177ms)
				ProcessInitializeOnLoadMethodAttributes (16ms)
				AfterProcessingInitializeOnLoad (6ms)
				EditorAssembliesLoaded (0ms)
			ExecutionOrderSort2 (0ms)
			AwakeInstancesAfterBackupRestoration (5ms)
Platform modules already initialized, skipping
========================================================================
Worker process is ready to serve import requests
Launched and connected shader compiler UnityShaderCompiler.exe after 0.04 seconds
Refreshing native plugins compatible for Editor in 0.59 ms, found 3 plugins.
Preloading 0 native plugins for Editor in 0.00 ms.
Unloading 3048 Unused Serialized files (Serialized files now loaded: 0)
Unloading 24 unused Assets / (113.4 KB). Loaded Objects now: 3524.
Memory consumption went from 119.4 MB to 119.3 MB.
Total: 3.437500 ms (FindLiveObjects: 0.303600 ms CreateObjectMapping: 0.103400 ms MarkObjects: 2.933700 ms  DeleteObjects: 0.095500 ms)

AssetImportParameters requested are different than current active one (requested -> active):
  custom:video-decoder-ogg-theora: a1e56fd34408186e4bbccfd4996cb3dc -> 
  custom:container-muxer-webm: aa71ff27fc2769a1b78a27578f13a17b -> 
  custom:container-demuxer-webm: 4f35f7cbe854078d1ac9338744f61a02 -> 
  custom:video-encoder-webm-vp8: eb34c28f22e8b96e1ab97ce403110664 -> 
  custom:video-codec-MediaFoundation-h265: 746d11721c4dcdbdad8f713fa42b33f4 -> 
  custom:audio-encoder-webm-vorbis: bf7c407c2cedff20999df2af8eb42d56 -> 
  custom:framework-win-MediaFoundation: 216162199b28c13a410421893ffa2e32 -> 
  custom:container-demuxer-ogg: 62fdf1f143b41e24485cea50d1cbac27 -> 
  custom:video-decoder-webm-vp8: 9c59270c3fd7afecdb556c50c9e8de78 -> 
  custom:audio-decoder-ogg-vorbis: bf7c407c2cedff20999df2af8eb42d56 -> 
========================================================================
Received Prepare
Registering precompiled user dll's ...
Registered in 0.003822 seconds.
Begin MonoManager ReloadAssembly
Symbol file LoadedFromMemory doesn't match image E:\Ülkem E\Unity Projeler\Unity-Runner-Game\Runner\Library\PackageCache\com.unity.visualscripting@1.8.0\Editor\VisualScripting.Core\Dependencies\YamlDotNet\Unity.VisualScripting.YamlDotNet.dll
Symbol file LoadedFromMemory doesn't match image E:\Ülkem E\Unity Projeler\Unity-Runner-Game\Runner\Library\PackageCache\com.unity.visualscripting@1.8.0\Editor\VisualScripting.Core\Dependencies\DotNetZip\Unity.VisualScripting.IonicZip.dll
Native extension for WindowsStandalone target not found
Native extension for Android target not found
Refreshing native plugins compatible for Editor in 0.68 ms, found 3 plugins.
Preloading 0 native plugins for Editor in 0.00 ms.
Mono: successfully reloaded assembly
- Completed reload, in  1.817 seconds
Domain Reload Profiling:
	ReloadAssembly (1818ms)
		BeginReloadAssembly (1060ms)
			ExecutionOrderSort (0ms)
			DisableScriptedObjects (15ms)
			BackupInstance (0ms)
			ReleaseScriptingObjects (0ms)
			CreateAndSetChildDomain (618ms)
		EndReloadAssembly (650ms)
			LoadAssemblies (74ms)
			RebuildTransferFunctionScriptingTraits (0ms)
			SetupTypeCache (236ms)
			ReleaseScriptCaches (1ms)
			RebuildScriptCaches (35ms)
			SetupLoadedEditorAssemblies (269ms)
				LogAssemblyErrors (0ms)
				InitializePlatformSupportModulesInManaged (22ms)
				SetLoadedEditorAssemblies (0ms)
				RefreshPlugins (1ms)
				BeforeProcessingInitializeOnLoad (60ms)
				ProcessInitializeOnLoadAttributes (162ms)
				ProcessInitializeOnLoadMethodAttributes (17ms)
				AfterProcessingInitializeOnLoad (7ms)
				EditorAssembliesLoaded (0ms)
			ExecutionOrderSort2 (0ms)
			AwakeInstancesAfterBackupRestoration (6ms)
Platform modules already initialized, skipping
Refreshing native plugins compatible for Editor in 1.42 ms, found 3 plugins.
Preloading 0 native plugins for Editor in 0.00 ms.
Unloading 3057 Unused Serialized files (Serialized files now loaded: 0)
Unloading 29 unused Assets / (58.3 MB). Loaded Objects now: 3529.
Memory consumption went from 179.0 MB to 120.8 MB.
Total: 4.472200 ms (FindLiveObjects: 0.318800 ms CreateObjectMapping: 0.080800 ms MarkObjects: 2.459400 ms  DeleteObjects: 1.612200 ms)

AssetImportParameters requested are different than current active one (requested -> active):
  custom:video-decoder-ogg-theora: a1e56fd34408186e4bbccfd4996cb3dc -> 
  custom:container-muxer-webm: aa71ff27fc2769a1b78a27578f13a17b -> 
  custom:container-demuxer-webm: 4f35f7cbe854078d1ac9338744f61a02 -> 
  custom:video-encoder-webm-vp8: eb34c28f22e8b96e1ab97ce403110664 -> 
  custom:video-codec-MediaFoundation-h265: 746d11721c4dcdbdad8f713fa42b33f4 -> 
  custom:audio-encoder-webm-vorbis: bf7c407c2cedff20999df2af8eb42d56 -> 
  custom:framework-win-MediaFoundation: 216162199b28c13a410421893ffa2e32 -> 
  custom:container-demuxer-ogg: 62fdf1f143b41e24485cea50d1cbac27 -> 
  custom:video-decoder-webm-vp8: 9c59270c3fd7afecdb556c50c9e8de78 -> 
  custom:audio-decoder-ogg-vorbis: bf7c407c2cedff20999df2af8eb42d56 -> 
========================================================================
Received Import Request.
  Time since last request: 470976.954272 seconds.
  path: Assets/LowCharacterPack/LowCharacter_demo
  artifactKey: Guid(a249dbf05af62844fb4df3b30add78b3) Importer(815301076,1909f56bfc062723c751e8b465ee728b)
Start importing Assets/LowCharacterPack/LowCharacter_demo using Guid(a249dbf05af62844fb4df3b30add78b3) Importer(815301076,1909f56bfc062723c751e8b465ee728b)  -> (artifact id: '6975e052d310a8b6b07d57020706788d') in 0.010935 seconds 
========================================================================
Received Import Request.
  Time since last request: 1.212496 seconds.
  path: Assets/LowCharacterPack/LowCharacter_demo/prefabs
  artifactKey: Guid(46415cdd4c42df74fad7499cb88eff95) Importer(815301076,1909f56bfc062723c751e8b465ee728b)
Start importing Assets/LowCharacterPack/LowCharacter_demo/prefabs using Guid(46415cdd4c42df74fad7499cb88eff95) Importer(815301076,1909f56bfc062723c751e8b465ee728b)  -> (artifact id: '44af255ff41402fd3f4020556c3f2d61') in 0.005985 seconds 
========================================================================
Received Import Request.
  Time since last request: 0.062083 seconds.
  path: Assets/LowCharacterPack/LowCharacter_demo/prefabs/Ninja_Demo@T-Pose.prefab
  artifactKey: Guid(50c549939b9529d49b9eae59fc1d0fd3) Importer(815301076,1909f56bfc062723c751e8b465ee728b)
Start importing Assets/LowCharacterPack/LowCharacter_demo/prefabs/Ninja_Demo@T-Pose.prefab using Guid(50c549939b9529d49b9eae59fc1d0fd3) Importer(815301076,1909f56bfc062723c751e8b465ee728b)  -> (artifact id: 'bbef37b43a3631b1a4082065bb347e4a') in 0.184321 seconds 
========================================================================
Received Import Request.
  Time since last request: 1817.439177 seconds.
  path: Assets/DigitalKonstrukt/Prototyping_Pack_Free
  artifactKey: Guid(9ac0dce97f9faa344a257fa9c76019bb) Importer(815301076,1909f56bfc062723c751e8b465ee728b)
Start importing Assets/DigitalKonstrukt/Prototyping_Pack_Free using Guid(9ac0dce97f9faa344a257fa9c76019bb) Importer(815301076,1909f56bfc062723c751e8b465ee728b)  -> (artifact id: '7ac2601ccfa97f56b3ca7e78185afbe5') in 0.007602 seconds 
========================================================================
Received Import Request.
  Time since last request: 0.241691 seconds.
  path: Assets/DigitalKonstrukt/Prototyping_Pack_Free/Demo
  artifactKey: Guid(7ed71ee299d728c4eb5ee2775958ba9a) Importer(815301076,1909f56bfc062723c751e8b465ee728b)
Start importing Assets/DigitalKonstrukt/Prototyping_Pack_Free/Demo using Guid(7ed71ee299d728c4eb5ee2775958ba9a) Importer(815301076,1909f56bfc062723c751e8b465ee728b)  -> (artifact id: 'a8ce50f2c5f022e0a9b600796412ee8e') in 0.005197 seconds 
========================================================================
Received Import Request.
  Time since last request: 0.845051 seconds.
  path: Assets/DigitalKonstrukt/Prototyping_Pack_Free/Resources
  artifactKey: Guid(dc4bb0fafa82d884481178ef46e29fdd) Importer(815301076,1909f56bfc062723c751e8b465ee728b)
Start importing Assets/DigitalKonstrukt/Prototyping_Pack_Free/Resources using Guid(dc4bb0fafa82d884481178ef46e29fdd) Importer(815301076,1909f56bfc062723c751e8b465ee728b)  -> (artifact id: '521e50cc8c993b1f219d8ee467fedc65') in 0.005026 seconds 
========================================================================
Received Import Request.
  Time since last request: 1.421367 seconds.
  path: Assets/DigitalKonstrukt/Prototyping_Pack_Free/Resources/Textures
  artifactKey: Guid(aedd63f786c8d3e44a65173f24ec5f78) Importer(815301076,1909f56bfc062723c751e8b465ee728b)
Start importing Assets/DigitalKonstrukt/Prototyping_Pack_Free/Resources/Textures using Guid(aedd63f786c8d3e44a65173f24ec5f78) Importer(815301076,1909f56bfc062723c751e8b465ee728b)  -> (artifact id: 'dba74000eeeda260b23f7233ce2cd559') in 0.005271 seconds 
========================================================================
Received Import Request.
  Time since last request: 0.051605 seconds.
  path: Assets/DigitalKonstrukt/Prototyping_Pack_Free/Resources/Textures/proto_1.png
  artifactKey: Guid(183cc34fb39cd6e48854ccb835b53869) Importer(815301076,1909f56bfc062723c751e8b465ee728b)
Start importing Assets/DigitalKonstrukt/Prototyping_Pack_Free/Resources/Textures/proto_1.png using Guid(183cc34fb39cd6e48854ccb835b53869) Importer(815301076,1909f56bfc062723c751e8b465ee728b)  -> (artifact id: '434b270fd94c829a7ebac162b38daf5f') in 0.065273 seconds 
========================================================================
Received Import Request.
  Time since last request: 0.000025 seconds.
  path: Assets/DigitalKonstrukt/Prototyping_Pack_Free/Resources/Textures/Proto_2_512.png
  artifactKey: Guid(3db51da499d4ea74ea07211ee4f03401) Importer(815301076,1909f56bfc062723c751e8b465ee728b)
Start importing Assets/DigitalKonstrukt/Prototyping_Pack_Free/Resources/Textures/Proto_2_512.png using Guid(3db51da499d4ea74ea07211ee4f03401) Importer(815301076,1909f56bfc062723c751e8b465ee728b)  -> (artifact id: 'a15b9bc327fd71194395943103aac528') in 0.018833 seconds 
========================================================================
Received Import Request.
  Time since last request: 0.000026 seconds.
  path: Assets/DigitalKonstrukt/Prototyping_Pack_Free/Resources/Textures/Proto_grid.png
  artifactKey: Guid(42106d5139c46084e9338f3079c83481) Importer(815301076,1909f56bfc062723c751e8b465ee728b)
Start importing Assets/DigitalKonstrukt/Prototyping_Pack_Free/Resources/Textures/Proto_grid.png using Guid(42106d5139c46084e9338f3079c83481) Importer(815301076,1909f56bfc062723c751e8b465ee728b)  -> (artifact id: 'd390f50e22a236c3a471450e6cd89b79') in 0.024064 seconds 
========================================================================
Received Import Request.
  Time since last request: 0.000016 seconds.
  path: Assets/DigitalKonstrukt/Prototyping_Pack_Free/Resources/Textures/proto_interaction4.png
  artifactKey: Guid(7be423dc835515145a8a12b2064c96e7) Importer(815301076,1909f56bfc062723c751e8b465ee728b)
Start importing Assets/DigitalKonstrukt/Prototyping_Pack_Free/Resources/Textures/proto_interaction4.png using Guid(7be423dc835515145a8a12b2064c96e7) Importer(815301076,1909f56bfc062723c751e8b465ee728b)  -> (artifact id: '68a47aec30be39d66ec67c3ff438c9f6') in 0.038069 seconds 
========================================================================
Received Import Request.
  Time since last request: 0.000018 seconds.
  path: Assets/DigitalKonstrukt/Prototyping_Pack_Free/Resources/Textures/proto_interaction2.png
  artifactKey: Guid(faf222c6648d2534d9bab52c325e6492) Importer(815301076,1909f56bfc062723c751e8b465ee728b)
Start importing Assets/DigitalKonstrukt/Prototyping_Pack_Free/Resources/Textures/proto_interaction2.png using Guid(faf222c6648d2534d9bab52c325e6492) Importer(815301076,1909f56bfc062723c751e8b465ee728b)  -> (artifact id: '43452297dbfbffccef2f618f3da2d09d') in 0.009557 seconds 
========================================================================
Received Import Request.
  Time since last request: 0.000022 seconds.
  path: Assets/DigitalKonstrukt/Prototyping_Pack_Free/Resources/Textures/proto_interaction3.png
  artifactKey: Guid(a01e8f6cbdbea3e4daec924917271957) Importer(815301076,1909f56bfc062723c751e8b465ee728b)
Start importing Assets/DigitalKonstrukt/Prototyping_Pack_Free/Resources/Textures/proto_interaction3.png using Guid(a01e8f6cbdbea3e4daec924917271957) Importer(815301076,1909f56bfc062723c751e8b465ee728b)  -> (artifact id: '766ed7234f68253f8fe35a509aa44644') in 0.010951 seconds 
========================================================================
Received Import Request.
  Time since last request: 0.000017 seconds.
  path: Assets/DigitalKonstrukt/Prototyping_Pack_Free/Resources/Textures/proto_interaction.png
  artifactKey: Guid(28974ca5cca518a41aaa5b621fb31a1b) Importer(815301076,1909f56bfc062723c751e8b465ee728b)
Start importing Assets/DigitalKonstrukt/Prototyping_Pack_Free/Resources/Textures/proto_interaction.png using Guid(28974ca5cca518a41aaa5b621fb31a1b) Importer(815301076,1909f56bfc062723c751e8b465ee728b)  -> (artifact id: 'd46f1dbc0d131282c444be23a545ea23') in 0.009795 seconds 
========================================================================
Received Import Request.
  Time since last request: 22.109777 seconds.
  path: Assets/DigitalKonstrukt/Prototyping_Pack_Free/Resources/Materials/Prototyp_Material_1.mat
  artifactKey: Guid(774fb2efcf5a06e4ebb09ced855a11c1) Importer(815301076,1909f56bfc062723c751e8b465ee728b)
Start importing Assets/DigitalKonstrukt/Prototyping_Pack_Free/Resources/Materials/Prototyp_Material_1.mat using Guid(774fb2efcf5a06e4ebb09ced855a11c1) Importer(815301076,1909f56bfc062723c751e8b465ee728b)  -> (artifact id: '77748322182328775161f5b6e21467d4') in 0.254278 seconds 
========================================================================
Received Import Request.
  Time since last request: 0.000024 seconds.
  path: Assets/DigitalKonstrukt/Prototyping_Pack_Free/Resources/Materials/Prototyp_Material_4.mat
  artifactKey: Guid(3e9b40bb243ad504dbf2adbd0918b9f5) Importer(815301076,1909f56bfc062723c751e8b465ee728b)
Start importing Assets/DigitalKonstrukt/Prototyping_Pack_Free/Resources/Materials/Prototyp_Material_4.mat using Guid(3e9b40bb243ad504dbf2adbd0918b9f5) Importer(815301076,1909f56bfc062723c751e8b465ee728b)  -> (artifact id: '8eca1d705ab7eb77e9daedb452b55ed6') in 0.014037 seconds 
========================================================================
Received Import Request.
  Time since last request: 0.000028 seconds.
  path: Assets/DigitalKonstrukt/Prototyping_Pack_Free/Resources/Materials/Prototyp_Material_12.mat
  artifactKey: Guid(f8cb53fbbb5462f4c90c7685910028f1) Importer(815301076,1909f56bfc062723c751e8b465ee728b)
Start importing Assets/DigitalKonstrukt/Prototyping_Pack_Free/Resources/Materials/Prototyp_Material_12.mat using Guid(f8cb53fbbb5462f4c90c7685910028f1) Importer(815301076,1909f56bfc062723c751e8b465ee728b)  -> (artifact id: '60618b88c07ae3abd2af70ade11ce5ee') in 0.110823 seconds 
========================================================================
Received Import Request.
  Time since last request: 0.000017 seconds.
  path: Assets/DigitalKonstrukt/Prototyping_Pack_Free/Resources/Materials/Prototyp_Material_11.mat
  artifactKey: Guid(fe6847d63339b354f864815a92aca487) Importer(815301076,1909f56bfc062723c751e8b465ee728b)
Start importing Assets/DigitalKonstrukt/Prototyping_Pack_Free/Resources/Materials/Prototyp_Material_11.mat using Guid(fe6847d63339b354f864815a92aca487) Importer(815301076,1909f56bfc062723c751e8b465ee728b)  -> (artifact id: '6e784037535d22d73c9c365a4a5704b1') in 0.010833 seconds 
========================================================================
Received Import Request.
  Time since last request: 6.012654 seconds.
  path: Assets/DigitalKonstrukt/Prototyping_Pack_Free/Demo/New Terrain 1.asset
  artifactKey: Guid(100162f69dfa99f4a9114658ab5543df) Importer(815301076,1909f56bfc062723c751e8b465ee728b)
Start importing Assets/DigitalKonstrukt/Prototyping_Pack_Free/Demo/New Terrain 1.asset using Guid(100162f69dfa99f4a9114658ab5543df) Importer(815301076,1909f56bfc062723c751e8b465ee728b)  -> (artifact id: '75e1c39bd259ef142a7f9e51d2268583') in 0.016898 seconds 
========================================================================
Received Import Request.
  Time since last request: 10.441463 seconds.
  path: Assets/Polytope Studio/Lowpoly_Village
  artifactKey: Guid(9c4cb87f53ebd5c468c413df16c5ea33) Importer(815301076,1909f56bfc062723c751e8b465ee728b)
Start importing Assets/Polytope Studio/Lowpoly_Village using Guid(9c4cb87f53ebd5c468c413df16c5ea33) Importer(815301076,1909f56bfc062723c751e8b465ee728b)  -> (artifact id: '6db2833e269033c6eebc799209eaf1a1') in 0.005253 seconds 
========================================================================
Received Import Request.
  Time since last request: 1.434971 seconds.
  path: Assets/Polytope Studio/Lowpoly_Village/Prefabs
  artifactKey: Guid(46df1f2d8eb22a64fb03812d24ea1ffd) Importer(815301076,1909f56bfc062723c751e8b465ee728b)
Start importing Assets/Polytope Studio/Lowpoly_Village/Prefabs using Guid(46df1f2d8eb22a64fb03812d24ea1ffd) Importer(815301076,1909f56bfc062723c751e8b465ee728b)  -> (artifact id: '38a1baba0ed3d0340a1351f4e4664f3d') in 0.005230 seconds 
========================================================================
Received Import Request.
  Time since last request: 0.032752 seconds.
  path: Assets/Polytope Studio/Lowpoly_Village/Prefabs/PT_Modular_Fence_Wood_01.prefab
  artifactKey: Guid(21a364ddeffc797439f2a5721660b0e6) Importer(815301076,1909f56bfc062723c751e8b465ee728b)
Start importing Assets/Polytope Studio/Lowpoly_Village/Prefabs/PT_Modular_Fence_Wood_01.prefab using Guid(21a364ddeffc797439f2a5721660b0e6) Importer(815301076,1909f56bfc062723c751e8b465ee728b)  -> (artifact id: 'a96803a170389e674d02f7c8cab566d9') in 0.016763 seconds 
========================================================================
Received Import Request.
  Time since last request: 0.000021 seconds.
  path: Assets/Polytope Studio/Lowpoly_Village/Prefabs/PT_Wooden_Bridge_02.prefab
  artifactKey: Guid(29c774dacdcc73240b0c71228fdc6f2c) Importer(815301076,1909f56bfc062723c751e8b465ee728b)
Start importing Assets/Polytope Studio/Lowpoly_Village/Prefabs/PT_Wooden_Bridge_02.prefab using Guid(29c774dacdcc73240b0c71228fdc6f2c) Importer(815301076,1909f56bfc062723c751e8b465ee728b)  -> (artifact id: '40be9d0450b51009fd77d7640f9fd90f') in 0.044831 seconds 
========================================================================
Received Import Request.
  Time since last request: 11.647721 seconds.
  path: Assets/Polytope Studio/Lowpoly_Demos/Environment_Free
  artifactKey: Guid(5c2928345bc8a9f4793d01e4fcd0b64d) Importer(815301076,1909f56bfc062723c751e8b465ee728b)
Start importing Assets/Polytope Studio/Lowpoly_Demos/Environment_Free using Guid(5c2928345bc8a9f4793d01e4fcd0b64d) Importer(815301076,1909f56bfc062723c751e8b465ee728b)  -> (artifact id: 'bd9bc06e7a49d79d51b69eff3285851b') in 0.007299 seconds 
========================================================================
Received Import Request.
  Time since last request: 0.910350 seconds.
  path: Assets/Polytope Studio/Lowpoly_Demos/Environment_Free/Helpers
  artifactKey: Guid(290c306efce63f0419ccb2974a325792) Importer(815301076,1909f56bfc062723c751e8b465ee728b)
Start importing Assets/Polytope Studio/Lowpoly_Demos/Environment_Free/Helpers using Guid(290c306efce63f0419ccb2974a325792) Importer(815301076,1909f56bfc062723c751e8b465ee728b)  -> (artifact id: '2cec4815862189c4640e58bcd1237fde') in 0.005462 seconds 
========================================================================
Received Import Request.
  Time since last request: 0.056462 seconds.
  path: Assets/Polytope Studio/Lowpoly_Demos/Environment_Free/Helpers/FENCE.prefab
  artifactKey: Guid(f16f39bd1be9d4140ad0cd32366b3c89) Importer(815301076,1909f56bfc062723c751e8b465ee728b)
Start importing Assets/Polytope Studio/Lowpoly_Demos/Environment_Free/Helpers/FENCE.prefab using Guid(f16f39bd1be9d4140ad0cd32366b3c89) Importer(815301076,1909f56bfc062723c751e8b465ee728b)  -> (artifact id: '22375a3065c07f36ea9cfe9030e7919e') in 0.009246 seconds 
========================================================================
Received Import Request.
  Time since last request: 0.000031 seconds.
  path: Assets/Polytope Studio/Lowpoly_Demos/Environment_Free/Helpers/PT_Medieval_Village_Fence_05 1.prefab
  artifactKey: Guid(cdaf37159c693ea4e97ab2ee5f12d958) Importer(815301076,1909f56bfc062723c751e8b465ee728b)
Start importing Assets/Polytope Studio/Lowpoly_Demos/Environment_Free/Helpers/PT_Medieval_Village_Fence_05 1.prefab using Guid(cdaf37159c693ea4e97ab2ee5f12d958) Importer(815301076,1909f56bfc062723c751e8b465ee728b)  -> (artifact id: 'dc7ca902eb97ad8eb6b05952d7f69cf3') in 0.006131 seconds 
========================================================================
Received Import Request.
  Time since last request: 0.000015 seconds.
  path: Assets/Polytope Studio/Lowpoly_Demos/Environment_Free/Helpers/PT_Medieval_Village_Gate_01 1.fbx
  artifactKey: Guid(fe0e66efb90310c4b81063d19da129b3) Importer(815301076,1909f56bfc062723c751e8b465ee728b)
Start importing Assets/Polytope Studio/Lowpoly_Demos/Environment_Free/Helpers/PT_Medieval_Village_Gate_01 1.fbx using Guid(fe0e66efb90310c4b81063d19da129b3) Importer(815301076,1909f56bfc062723c751e8b465ee728b)  -> (artifact id: '3816b1d07ae8523e99e2e19ae8f3b2eb') in 0.180409 seconds 
========================================================================
Received Import Request.
  Time since last request: 0.000026 seconds.
  path: Assets/Polytope Studio/Lowpoly_Demos/Environment_Free/Helpers/Plane mat.mat
  artifactKey: Guid(4c216a70af6ef22419431af877580ddb) Importer(815301076,1909f56bfc062723c751e8b465ee728b)
Start importing Assets/Polytope Studio/Lowpoly_Demos/Environment_Free/Helpers/Plane mat.mat using Guid(4c216a70af6ef22419431af877580ddb) Importer(815301076,1909f56bfc062723c751e8b465ee728b)  -> (artifact id: '3882c904b491f02dc41ee698bde8c47d') in 0.012413 seconds 
========================================================================
Received Import Request.
  Time since last request: 0.000034 seconds.
  path: Assets/Polytope Studio/Lowpoly_Demos/Environment_Free/Helpers/PT_Medieval_Village_Gate_01 1.prefab
  artifactKey: Guid(88d70a52e8e9f5346940dc50f77e7cd3) Importer(815301076,1909f56bfc062723c751e8b465ee728b)
Start importing Assets/Polytope Studio/Lowpoly_Demos/Environment_Free/Helpers/PT_Medieval_Village_Gate_01 1.prefab using Guid(88d70a52e8e9f5346940dc50f77e7cd3) Importer(815301076,1909f56bfc062723c751e8b465ee728b)  -> (artifact id: '509db0a97373eaf97fa819de35360322') in 0.003747 seconds 
========================================================================
Received Import Request.
  Time since last request: 0.000013 seconds.
  path: Assets/Polytope Studio/Lowpoly_Demos/Environment_Free/Helpers/PT_Medieval_Village_Fence_03 1.fbx
  artifactKey: Guid(2afa802f2736adc40b60fe79d7bbb76a) Importer(815301076,1909f56bfc062723c751e8b465ee728b)
Start importing Assets/Polytope Studio/Lowpoly_Demos/Environment_Free/Helpers/PT_Medieval_Village_Fence_03 1.fbx using Guid(2afa802f2736adc40b60fe79d7bbb76a) Importer(815301076,1909f56bfc062723c751e8b465ee728b)  -> (artifact id: 'bfb642c1586f44cf902792b62538461e') in 0.013898 seconds 
========================================================================
Received Import Request.
  Time since last request: 0.000017 seconds.
  path: Assets/Polytope Studio/Lowpoly_Demos/Environment_Free/Helpers/PT_Generic_Tree_Leaves_mat 2.mat
  artifactKey: Guid(40e61747f5ab72d409498dd1603b8289) Importer(815301076,1909f56bfc062723c751e8b465ee728b)
Start importing Assets/Polytope Studio/Lowpoly_Demos/Environment_Free/Helpers/PT_Generic_Tree_Leaves_mat 2.mat using Guid(40e61747f5ab72d409498dd1603b8289) Importer(815301076,1909f56bfc062723c751e8b465ee728b)  -> (artifact id: '4299081aa55b8e3906c3b7fe47c779eb') in 0.406678 seconds 
========================================================================
Received Import Request.
  Time since last request: 47.005010 seconds.
  path: Assets
  artifactKey: Guid(00000000000000001000000000000000) Importer(815301076,1909f56bfc062723c751e8b465ee728b)
Start importing Assets using Guid(00000000000000001000000000000000) Importer(815301076,1909f56bfc062723c751e8b465ee728b)  -> (artifact id: '79842766b460edbeab6a34051e857a80') in 0.005268 seconds 
========================================================================
Received Import Request.
  Time since last request: 10.829970 seconds.
  path: Assets/Road.mat
  artifactKey: Guid(6fb4f493cb1e87c408330130ecd92a45) Importer(815301076,1909f56bfc062723c751e8b465ee728b)
Start importing Assets/Road.mat using Guid(6fb4f493cb1e87c408330130ecd92a45) Importer(815301076,1909f56bfc062723c751e8b465ee728b)  -> (artifact id: '2149deb94e5e8a2299ea1a64fe401e8d') in 0.026130 seconds 
========================================================================
Received Import Request.
  Time since last request: 187.090413 seconds.
  path: Assets/road.jpg
  artifactKey: Guid(2397dafe74f649b4590da17b0aea62e4) Importer(815301076,1909f56bfc062723c751e8b465ee728b)
Start importing Assets/road.jpg using Guid(2397dafe74f649b4590da17b0aea62e4) Importer(815301076,1909f56bfc062723c751e8b465ee728b)  -> (artifact id: 'ba1a142e3c29681126d977fd62d20073') in 0.015752 seconds 
========================================================================
Received Import Request.
  Time since last request: 188.175883 seconds.
  path: Assets/LowCharacterPack/LowCharacter_demo/models/Materials/Ninja_demo_texture.png
  artifactKey: Guid(d053875622bc1c642b7cbb2bb2063bcd) Importer(815301076,1909f56bfc062723c751e8b465ee728b)
Start importing Assets/LowCharacterPack/LowCharacter_demo/models/Materials/Ninja_demo_texture.png using Guid(d053875622bc1c642b7cbb2bb2063bcd) Importer(815301076,1909f56bfc062723c751e8b465ee728b)  -> (artifact id: '1e8e87c1459b982e6ece36d53e1d9593') in 0.009489 seconds 
========================================================================
Received Import Request.
  Time since last request: 217.352102 seconds.
  path: Assets/road2.jpg
  artifactKey: Guid(f7df14fb673edf54c8e1549c2e26e4d7) Importer(815301076,1909f56bfc062723c751e8b465ee728b)
Start importing Assets/road2.jpg using Guid(f7df14fb673edf54c8e1549c2e26e4d7) Importer(815301076,1909f56bfc062723c751e8b465ee728b)  -> (artifact id: 'b9d855a3e3414d486777086425cfb58c') in 0.011267 seconds 
========================================================================
Received Import Request.
  Time since last request: 1151.127819 seconds.
  path: Assets/indir.jfif
  artifactKey: Guid(285246766f31a4a48ad3365530835772) Importer(815301076,1909f56bfc062723c751e8b465ee728b)
Start importing Assets/indir.jfif using Guid(285246766f31a4a48ad3365530835772) Importer(815301076,1909f56bfc062723c751e8b465ee728b)  -> (artifact id: '8dcfefe5b0734c90101e4976ab80fb39') in 0.007809 seconds 
========================================================================
Received Import Request.
  Time since last request: 20.642836 seconds.
  path: Assets/indir 1.jfif
  artifactKey: Guid(88135b0bd86f47042a231660a69acb8e) Importer(815301076,1909f56bfc062723c751e8b465ee728b)
Start importing Assets/indir 1.jfif using Guid(88135b0bd86f47042a231660a69acb8e) Importer(815301076,1909f56bfc062723c751e8b465ee728b)  -> (artifact id: '30f26a90c513df995980a5e771070b50') in 0.005416 seconds 
========================================================================
Received Import Request.
  Time since last request: 351.383521 seconds.
  path: Assets/Road.mat
  artifactKey: Guid(6fb4f493cb1e87c408330130ecd92a45) Importer(815301076,1909f56bfc062723c751e8b465ee728b)
Start importing Assets/Road.mat using Guid(6fb4f493cb1e87c408330130ecd92a45) Importer(815301076,1909f56bfc062723c751e8b465ee728b)  -> (artifact id: 'ff26bd7b932d691d71dcfe2206cddb62') in 0.037096 seconds 
========================================================================
Received Import Request.
  Time since last request: 665.988086 seconds.
  path: Assets/DigitalKonstrukt/Prototyping_Pack_Free/Resources/Meshes
  artifactKey: Guid(db1e30aa142cdcd43bba7bf2a94e9639) Importer(815301076,1909f56bfc062723c751e8b465ee728b)
Start importing Assets/DigitalKonstrukt/Prototyping_Pack_Free/Resources/Meshes using Guid(db1e30aa142cdcd43bba7bf2a94e9639) Importer(815301076,1909f56bfc062723c751e8b465ee728b)  -> (artifact id: 'a794ed0843551014358c1c61f458233d') in 0.005900 seconds 
========================================================================
Received Import Request.
  Time since last request: 2.696466 seconds.
  path: Assets/DigitalKonstrukt/Prototyping_Pack_Free/Resources/Meshes/Cuboids
  artifactKey: Guid(65eaa661d4f85d04d8359765a03deec7) Importer(815301076,1909f56bfc062723c751e8b465ee728b)
Start importing Assets/DigitalKonstrukt/Prototyping_Pack_Free/Resources/Meshes/Cuboids using Guid(65eaa661d4f85d04d8359765a03deec7) Importer(815301076,1909f56bfc062723c751e8b465ee728b)  -> (artifact id: '24e2f2263a9f6435c6a15ae4cd5f1c42') in 0.004952 seconds 
========================================================================
Received Import Request.
  Time since last request: 0.393403 seconds.
  path: Assets/DigitalKonstrukt/Prototyping_Pack_Free/Resources/Meshes/Cuboids/PTK_Cuboid_1.fbx
  artifactKey: Guid(a644ec70bffd5344ea0e2c03d4cfab25) Importer(815301076,1909f56bfc062723c751e8b465ee728b)
Start importing Assets/DigitalKonstrukt/Prototyping_Pack_Free/Resources/Meshes/Cuboids/PTK_Cuboid_1.fbx using Guid(a644ec70bffd5344ea0e2c03d4cfab25) Importer(815301076,1909f56bfc062723c751e8b465ee728b)  -> (artifact id: 'be5a9c7b559c341cca02e19658f34f2e') in 0.155612 seconds 
========================================================================
Received Import Request.
  Time since last request: 0.000018 seconds.
  path: Assets/DigitalKonstrukt/Prototyping_Pack_Free/Resources/Meshes/Cuboids/PTK_Cuboid_3.fbx
  artifactKey: Guid(63dfb7dd96b451f478689f88b0d0a655) Importer(815301076,1909f56bfc062723c751e8b465ee728b)
Start importing Assets/DigitalKonstrukt/Prototyping_Pack_Free/Resources/Meshes/Cuboids/PTK_Cuboid_3.fbx using Guid(63dfb7dd96b451f478689f88b0d0a655) Importer(815301076,1909f56bfc062723c751e8b465ee728b)  -> (artifact id: '69e2c169570ce3b9a170d35a1592b445') in 0.056053 seconds 
========================================================================
Received Import Request.
  Time since last request: 8.927102 seconds.
  path: Assets/DigitalKonstrukt/Prototyping_Pack_Free/Resources/Meshes/Bridges/PTK_Bridge_Medium.fbx
  artifactKey: Guid(411748f0a2f7f8247b4777562f960ba5) Importer(815301076,1909f56bfc062723c751e8b465ee728b)
Start importing Assets/DigitalKonstrukt/Prototyping_Pack_Free/Resources/Meshes/Bridges/PTK_Bridge_Medium.fbx using Guid(411748f0a2f7f8247b4777562f960ba5) Importer(815301076,1909f56bfc062723c751e8b465ee728b)  -> (artifact id: '8a932b6e379011fc910555a4aa6d4314') in 0.013531 seconds 
========================================================================
Received Import Request.
  Time since last request: 1.016871 seconds.
  path: Assets/DigitalKonstrukt/Prototyping_Pack_Free/Resources/Meshes/Collectables/PTK_Collectable_2.fbx
  artifactKey: Guid(7db42757b9c1bab409898528713982e0) Importer(815301076,1909f56bfc062723c751e8b465ee728b)
Start importing Assets/DigitalKonstrukt/Prototyping_Pack_Free/Resources/Meshes/Collectables/PTK_Collectable_2.fbx using Guid(7db42757b9c1bab409898528713982e0) Importer(815301076,1909f56bfc062723c751e8b465ee728b)  -> (artifact id: '633a84dff1ec0ba32033b7108ef262dd') in 0.012146 seconds 
========================================================================
Received Import Request.
  Time since last request: 0.618100 seconds.
  path: Assets/DigitalKonstrukt/Prototyping_Pack_Free/Resources/Meshes/Columns/PTK_Column_Edge_Medium.fbx
  artifactKey: Guid(f5d03cefbd2d8fc458d323ae1fd12796) Importer(815301076,1909f56bfc062723c751e8b465ee728b)
Start importing Assets/DigitalKonstrukt/Prototyping_Pack_Free/Resources/Meshes/Columns/PTK_Column_Edge_Medium.fbx using Guid(f5d03cefbd2d8fc458d323ae1fd12796) Importer(815301076,1909f56bfc062723c751e8b465ee728b)  -> (artifact id: 'c9b261565d032384ac4d333fdb4183dd') in 0.012756 seconds 
========================================================================
Received Import Request.
  Time since last request: 0.000014 seconds.
  path: Assets/DigitalKonstrukt/Prototyping_Pack_Free/Resources/Meshes/Columns/PTK_Column_Medium.fbx
  artifactKey: Guid(e5be0682e29b3b24dac707e2e315754b) Importer(815301076,1909f56bfc062723c751e8b465ee728b)
Start importing Assets/DigitalKonstrukt/Prototyping_Pack_Free/Resources/Meshes/Columns/PTK_Column_Medium.fbx using Guid(e5be0682e29b3b24dac707e2e315754b) Importer(815301076,1909f56bfc062723c751e8b465ee728b)  -> (artifact id: '3f303e901f574fee9da7d884e16293ad') in 0.015503 seconds 
========================================================================
Received Import Request.
  Time since last request: 577.126872 seconds.
  path: Assets/Road.mat
  artifactKey: Guid(6fb4f493cb1e87c408330130ecd92a45) Importer(815301076,1909f56bfc062723c751e8b465ee728b)
Start importing Assets/Road.mat using Guid(6fb4f493cb1e87c408330130ecd92a45) Importer(815301076,1909f56bfc062723c751e8b465ee728b)  -> (artifact id: '72202089d11a5e5706da4d0883419829') in 0.009847 seconds 
========================================================================
Received Import Request.
  Time since last request: 16.567670 seconds.
  path: Assets/Materials
  artifactKey: Guid(f451527f47f3dc9409f7d295a9631d4c) Importer(815301076,1909f56bfc062723c751e8b465ee728b)
Start importing Assets/Materials using Guid(f451527f47f3dc9409f7d295a9631d4c) Importer(815301076,1909f56bfc062723c751e8b465ee728b)  -> (artifact id: '2ad1cd87bc8ab6ee89b259240d51bb1b') in 0.005212 seconds 
========================================================================
Received Prepare
Registering precompiled user dll's ...
Registered in 0.002412 seconds.
Begin MonoManager ReloadAssembly
Symbol file LoadedFromMemory doesn't match image E:\Ülkem E\Unity Projeler\Unity-Runner-Game\Runner\Library\PackageCache\com.unity.visualscripting@1.8.0\Editor\VisualScripting.Core\Dependencies\YamlDotNet\Unity.VisualScripting.YamlDotNet.dll
Symbol file LoadedFromMemory doesn't match image E:\Ülkem E\Unity Projeler\Unity-Runner-Game\Runner\Library\PackageCache\com.unity.visualscripting@1.8.0\Editor\VisualScripting.Core\Dependencies\DotNetZip\Unity.VisualScripting.IonicZip.dll
Native extension for WindowsStandalone target not found
Native extension for Android target not found
Refreshing native plugins compatible for Editor in 0.58 ms, found 3 plugins.
Preloading 0 native plugins for Editor in 0.00 ms.
Mono: successfully reloaded assembly
- Completed reload, in  0.991 seconds
Domain Reload Profiling:
	ReloadAssembly (991ms)
		BeginReloadAssembly (236ms)
			ExecutionOrderSort (0ms)
			DisableScriptedObjects (10ms)
			BackupInstance (0ms)
			ReleaseScriptingObjects (0ms)
			CreateAndSetChildDomain (100ms)
		EndReloadAssembly (645ms)
			LoadAssemblies (93ms)
			RebuildTransferFunctionScriptingTraits (0ms)
			SetupTypeCache (263ms)
			ReleaseScriptCaches (1ms)
			RebuildScriptCaches (31ms)
			SetupLoadedEditorAssemblies (252ms)
				LogAssemblyErrors (0ms)
				InitializePlatformSupportModulesInManaged (20ms)
				SetLoadedEditorAssemblies (0ms)
				RefreshPlugins (1ms)
				BeforeProcessingInitializeOnLoad (54ms)
				ProcessInitializeOnLoadAttributes (156ms)
				ProcessInitializeOnLoadMethodAttributes (15ms)
				AfterProcessingInitializeOnLoad (5ms)
				EditorAssembliesLoaded (0ms)
			ExecutionOrderSort2 (0ms)
			AwakeInstancesAfterBackupRestoration (5ms)
Platform modules already initialized, skipping
Refreshing native plugins compatible for Editor in 1.32 ms, found 3 plugins.
Preloading 0 native plugins for Editor in 0.00 ms.
Unloading 3057 Unused Serialized files (Serialized files now loaded: 0)
Unloading 28 unused Assets / (55.8 MB). Loaded Objects now: 3584.
Memory consumption went from 196.9 MB to 141.1 MB.
Total: 4.807300 ms (FindLiveObjects: 0.262400 ms CreateObjectMapping: 0.070700 ms MarkObjects: 3.050800 ms  DeleteObjects: 1.422400 ms)

AssetImportParameters requested are different than current active one (requested -> active):
  custom:video-decoder-ogg-theora: a1e56fd34408186e4bbccfd4996cb3dc -> 
  custom:container-muxer-webm: aa71ff27fc2769a1b78a27578f13a17b -> 
  custom:container-demuxer-webm: 4f35f7cbe854078d1ac9338744f61a02 -> 
  custom:video-encoder-webm-vp8: eb34c28f22e8b96e1ab97ce403110664 -> 
  custom:video-codec-MediaFoundation-h265: 746d11721c4dcdbdad8f713fa42b33f4 -> 
  custom:audio-encoder-webm-vorbis: bf7c407c2cedff20999df2af8eb42d56 -> 
  custom:framework-win-MediaFoundation: 216162199b28c13a410421893ffa2e32 -> 
  custom:container-demuxer-ogg: 62fdf1f143b41e24485cea50d1cbac27 -> 
  custom:video-decoder-webm-vp8: 9c59270c3fd7afecdb556c50c9e8de78 -> 
  custom:audio-decoder-ogg-vorbis: bf7c407c2cedff20999df2af8eb42d56 -> 
========================================================================
Received Prepare
Registering precompiled user dll's ...
Registered in 0.002988 seconds.
Begin MonoManager ReloadAssembly
Symbol file LoadedFromMemory doesn't match image E:\Ülkem E\Unity Projeler\Unity-Runner-Game\Runner\Library\PackageCache\com.unity.visualscripting@1.8.0\Editor\VisualScripting.Core\Dependencies\YamlDotNet\Unity.VisualScripting.YamlDotNet.dll
Symbol file LoadedFromMemory doesn't match image E:\Ülkem E\Unity Projeler\Unity-Runner-Game\Runner\Library\PackageCache\com.unity.visualscripting@1.8.0\Editor\VisualScripting.Core\Dependencies\DotNetZip\Unity.VisualScripting.IonicZip.dll
Native extension for WindowsStandalone target not found
Native extension for Android target not found
Refreshing native plugins compatible for Editor in 0.65 ms, found 3 plugins.
Preloading 0 native plugins for Editor in 0.00 ms.
Mono: successfully reloaded assembly
- Completed reload, in  0.870 seconds
Domain Reload Profiling:
	ReloadAssembly (871ms)
		BeginReloadAssembly (111ms)
			ExecutionOrderSort (0ms)
			DisableScriptedObjects (5ms)
			BackupInstance (0ms)
			ReleaseScriptingObjects (0ms)
			CreateAndSetChildDomain (27ms)
		EndReloadAssembly (659ms)
			LoadAssemblies (67ms)
			RebuildTransferFunctionScriptingTraits (0ms)
			SetupTypeCache (262ms)
			ReleaseScriptCaches (1ms)
			RebuildScriptCaches (39ms)
			SetupLoadedEditorAssemblies (246ms)
				LogAssemblyErrors (0ms)
				InitializePlatformSupportModulesInManaged (23ms)
				SetLoadedEditorAssemblies (0ms)
				RefreshPlugins (1ms)
				BeforeProcessingInitializeOnLoad (55ms)
				ProcessInitializeOnLoadAttributes (147ms)
				ProcessInitializeOnLoadMethodAttributes (15ms)
				AfterProcessingInitializeOnLoad (5ms)
				EditorAssembliesLoaded (0ms)
			ExecutionOrderSort2 (0ms)
			AwakeInstancesAfterBackupRestoration (5ms)
Platform modules already initialized, skipping
Refreshing native plugins compatible for Editor in 1.32 ms, found 3 plugins.
Preloading 0 native plugins for Editor in 0.00 ms.
Unloading 3056 Unused Serialized files (Serialized files now loaded: 0)
Unloading 28 unused Assets / (55.8 MB). Loaded Objects now: 3587.
Memory consumption went from 196.8 MB to 141.0 MB.
Total: 4.189000 ms (FindLiveObjects: 0.277900 ms CreateObjectMapping: 0.085000 ms MarkObjects: 2.236700 ms  DeleteObjects: 1.588100 ms)

AssetImportParameters requested are different than current active one (requested -> active):
  custom:video-decoder-ogg-theora: a1e56fd34408186e4bbccfd4996cb3dc -> 
  custom:container-muxer-webm: aa71ff27fc2769a1b78a27578f13a17b -> 
  custom:container-demuxer-webm: 4f35f7cbe854078d1ac9338744f61a02 -> 
  custom:video-encoder-webm-vp8: eb34c28f22e8b96e1ab97ce403110664 -> 
  custom:video-codec-MediaFoundation-h265: 746d11721c4dcdbdad8f713fa42b33f4 -> 
  custom:audio-encoder-webm-vorbis: bf7c407c2cedff20999df2af8eb42d56 -> 
  custom:framework-win-MediaFoundation: 216162199b28c13a410421893ffa2e32 -> 
  custom:container-demuxer-ogg: 62fdf1f143b41e24485cea50d1cbac27 -> 
  custom:video-decoder-webm-vp8: 9c59270c3fd7afecdb556c50c9e8de78 -> 
  custom:audio-decoder-ogg-vorbis: bf7c407c2cedff20999df2af8eb42d56 -> 
========================================================================
Received Import Request.
  Time since last request: 59.193961 seconds.
  path: Assets/SkySeries Freebie
  artifactKey: Guid(e6f73a87fc737d04b850c531287d1f16) Importer(815301076,1909f56bfc062723c751e8b465ee728b)
Start importing Assets/SkySeries Freebie using Guid(e6f73a87fc737d04b850c531287d1f16) Importer(815301076,1909f56bfc062723c751e8b465ee728b)  -> (artifact id: '3825a219373864ab0783ea132308f09b') in 0.010219 seconds 
========================================================================
Received Import Request.
  Time since last request: 0.722620 seconds.
  path: Assets/Polytope Studio
  artifactKey: Guid(115939fafdaab3542ac9de578833169e) Importer(815301076,1909f56bfc062723c751e8b465ee728b)
Start importing Assets/Polytope Studio using Guid(115939fafdaab3542ac9de578833169e) Importer(815301076,1909f56bfc062723c751e8b465ee728b)  -> (artifact id: '37f0d15b8c1655024d8d3809ea9a6520') in 0.005840 seconds 
========================================================================
Received Import Request.
  Time since last request: 64.474690 seconds.
  path: Assets/Materials/Door.mat
  artifactKey: Guid(62e814ee544f35149bc15aaabe934ede) Importer(815301076,1909f56bfc062723c751e8b465ee728b)
Start importing Assets/Materials/Door.mat using Guid(62e814ee544f35149bc15aaabe934ede) Importer(815301076,1909f56bfc062723c751e8b465ee728b)  -> (artifact id: '68ef645991f7a9203e614b281c8772f1') in 0.065548 seconds 
========================================================================
Received Prepare
Registering precompiled user dll's ...
Registered in 0.002453 seconds.
Begin MonoManager ReloadAssembly
Symbol file LoadedFromMemory doesn't match image E:\Ülkem E\Unity Projeler\Unity-Runner-Game\Runner\Library\PackageCache\com.unity.visualscripting@1.8.0\Editor\VisualScripting.Core\Dependencies\YamlDotNet\Unity.VisualScripting.YamlDotNet.dll
Symbol file LoadedFromMemory doesn't match image E:\Ülkem E\Unity Projeler\Unity-Runner-Game\Runner\Library\PackageCache\com.unity.visualscripting@1.8.0\Editor\VisualScripting.Core\Dependencies\DotNetZip\Unity.VisualScripting.IonicZip.dll
Native extension for WindowsStandalone target not found
Native extension for Android target not found
Refreshing native plugins compatible for Editor in 0.74 ms, found 3 plugins.
Preloading 0 native plugins for Editor in 0.00 ms.
Mono: successfully reloaded assembly
- Completed reload, in  0.942 seconds
Domain Reload Profiling:
	ReloadAssembly (943ms)
		BeginReloadAssembly (120ms)
			ExecutionOrderSort (0ms)
			DisableScriptedObjects (4ms)
			BackupInstance (0ms)
			ReleaseScriptingObjects (0ms)
			CreateAndSetChildDomain (30ms)
		EndReloadAssembly (724ms)
			LoadAssemblies (71ms)
			RebuildTransferFunctionScriptingTraits (0ms)
			SetupTypeCache (246ms)
			ReleaseScriptCaches (1ms)
			RebuildScriptCaches (41ms)
			SetupLoadedEditorAssemblies (317ms)
				LogAssemblyErrors (0ms)
				InitializePlatformSupportModulesInManaged (26ms)
				SetLoadedEditorAssemblies (1ms)
				RefreshPlugins (1ms)
				BeforeProcessingInitializeOnLoad (68ms)
				ProcessInitializeOnLoadAttributes (195ms)
				ProcessInitializeOnLoadMethodAttributes (19ms)
				AfterProcessingInitializeOnLoad (6ms)
				EditorAssembliesLoaded (0ms)
			ExecutionOrderSort2 (0ms)
			AwakeInstancesAfterBackupRestoration (6ms)
Platform modules already initialized, skipping
Refreshing native plugins compatible for Editor in 1.46 ms, found 3 plugins.
Preloading 0 native plugins for Editor in 0.00 ms.
Unloading 3056 Unused Serialized files (Serialized files now loaded: 0)
Unloading 28 unused Assets / (55.8 MB). Loaded Objects now: 3590.
Memory consumption went from 196.8 MB to 141.0 MB.
Total: 4.732200 ms (FindLiveObjects: 0.282800 ms CreateObjectMapping: 0.087200 ms MarkObjects: 2.430500 ms  DeleteObjects: 1.930600 ms)

AssetImportParameters requested are different than current active one (requested -> active):
  custom:video-decoder-ogg-theora: a1e56fd34408186e4bbccfd4996cb3dc -> 
  custom:container-muxer-webm: aa71ff27fc2769a1b78a27578f13a17b -> 
  custom:container-demuxer-webm: 4f35f7cbe854078d1ac9338744f61a02 -> 
  custom:video-encoder-webm-vp8: eb34c28f22e8b96e1ab97ce403110664 -> 
  custom:video-codec-MediaFoundation-h265: 746d11721c4dcdbdad8f713fa42b33f4 -> 
  custom:audio-encoder-webm-vorbis: bf7c407c2cedff20999df2af8eb42d56 -> 
  custom:framework-win-MediaFoundation: 216162199b28c13a410421893ffa2e32 -> 
  custom:container-demuxer-ogg: 62fdf1f143b41e24485cea50d1cbac27 -> 
  custom:video-decoder-webm-vp8: 9c59270c3fd7afecdb556c50c9e8de78 -> 
  custom:audio-decoder-ogg-vorbis: bf7c407c2cedff20999df2af8eb42d56 -> 
========================================================================
Received Import Request.
  Time since last request: 120.711055 seconds.
  path: Assets/Materials/Door.mat
  artifactKey: Guid(62e814ee544f35149bc15aaabe934ede) Importer(815301076,1909f56bfc062723c751e8b465ee728b)
Start importing Assets/Materials/Door.mat using Guid(62e814ee544f35149bc15aaabe934ede) Importer(815301076,1909f56bfc062723c751e8b465ee728b)  -> (artifact id: '9eeb15f6ea8a3534bc064494bcd3ff5f') in 0.255356 seconds 
========================================================================
Received Prepare
Registering precompiled user dll's ...
Registered in 0.002496 seconds.
Begin MonoManager ReloadAssembly
Symbol file LoadedFromMemory doesn't match image E:\Ülkem E\Unity Projeler\Unity-Runner-Game\Runner\Library\PackageCache\com.unity.visualscripting@1.8.0\Editor\VisualScripting.Core\Dependencies\YamlDotNet\Unity.VisualScripting.YamlDotNet.dll
Symbol file LoadedFromMemory doesn't match image E:\Ülkem E\Unity Projeler\Unity-Runner-Game\Runner\Library\PackageCache\com.unity.visualscripting@1.8.0\Editor\VisualScripting.Core\Dependencies\DotNetZip\Unity.VisualScripting.IonicZip.dll
Native extension for WindowsStandalone target not found
Native extension for Android target not found
Refreshing native plugins compatible for Editor in 0.58 ms, found 3 plugins.
Preloading 0 native plugins for Editor in 0.00 ms.
Mono: successfully reloaded assembly
- Completed reload, in  0.857 seconds
Domain Reload Profiling:
	ReloadAssembly (857ms)
		BeginReloadAssembly (110ms)
			ExecutionOrderSort (0ms)
			DisableScriptedObjects (4ms)
			BackupInstance (0ms)
			ReleaseScriptingObjects (0ms)
			CreateAndSetChildDomain (30ms)
		EndReloadAssembly (659ms)
			LoadAssemblies (63ms)
			RebuildTransferFunctionScriptingTraits (0ms)
			SetupTypeCache (229ms)
			ReleaseScriptCaches (1ms)
			RebuildScriptCaches (35ms)
			SetupLoadedEditorAssemblies (289ms)
				LogAssemblyErrors (0ms)
				InitializePlatformSupportModulesInManaged (23ms)
				SetLoadedEditorAssemblies (0ms)
				RefreshPlugins (1ms)
				BeforeProcessingInitializeOnLoad (61ms)
				ProcessInitializeOnLoadAttributes (179ms)
				ProcessInitializeOnLoadMethodAttributes (19ms)
				AfterProcessingInitializeOnLoad (6ms)
				EditorAssembliesLoaded (0ms)
			ExecutionOrderSort2 (0ms)
			AwakeInstancesAfterBackupRestoration (5ms)
Platform modules already initialized, skipping
Refreshing native plugins compatible for Editor in 1.76 ms, found 3 plugins.
Preloading 0 native plugins for Editor in 0.00 ms.
Unloading 3056 Unused Serialized files (Serialized files now loaded: 0)
Unloading 28 unused Assets / (55.8 MB). Loaded Objects now: 3593.
Memory consumption went from 196.7 MB to 140.9 MB.
Total: 4.335800 ms (FindLiveObjects: 0.262900 ms CreateObjectMapping: 0.073100 ms MarkObjects: 2.159100 ms  DeleteObjects: 1.839700 ms)

AssetImportParameters requested are different than current active one (requested -> active):
  custom:video-decoder-ogg-theora: a1e56fd34408186e4bbccfd4996cb3dc -> 
  custom:container-muxer-webm: aa71ff27fc2769a1b78a27578f13a17b -> 
  custom:container-demuxer-webm: 4f35f7cbe854078d1ac9338744f61a02 -> 
  custom:video-encoder-webm-vp8: eb34c28f22e8b96e1ab97ce403110664 -> 
  custom:video-codec-MediaFoundation-h265: 746d11721c4dcdbdad8f713fa42b33f4 -> 
  custom:audio-encoder-webm-vorbis: bf7c407c2cedff20999df2af8eb42d56 -> 
  custom:framework-win-MediaFoundation: 216162199b28c13a410421893ffa2e32 -> 
  custom:container-demuxer-ogg: 62fdf1f143b41e24485cea50d1cbac27 -> 
  custom:video-decoder-webm-vp8: 9c59270c3fd7afecdb556c50c9e8de78 -> 
  custom:audio-decoder-ogg-vorbis: bf7c407c2cedff20999df2af8eb42d56 -> 
========================================================================
Received Prepare
Registering precompiled user dll's ...
Registered in 0.002955 seconds.
Begin MonoManager ReloadAssembly
Symbol file LoadedFromMemory doesn't match image E:\Ülkem E\Unity Projeler\Unity-Runner-Game\Runner\Library\PackageCache\com.unity.visualscripting@1.8.0\Editor\VisualScripting.Core\Dependencies\YamlDotNet\Unity.VisualScripting.YamlDotNet.dll
Symbol file LoadedFromMemory doesn't match image E:\Ülkem E\Unity Projeler\Unity-Runner-Game\Runner\Library\PackageCache\com.unity.visualscripting@1.8.0\Editor\VisualScripting.Core\Dependencies\DotNetZip\Unity.VisualScripting.IonicZip.dll
Native extension for WindowsStandalone target not found
Native extension for Android target not found
Refreshing native plugins compatible for Editor in 0.63 ms, found 3 plugins.
Preloading 0 native plugins for Editor in 0.00 ms.
Mono: successfully reloaded assembly
- Completed reload, in  0.892 seconds
Domain Reload Profiling:
	ReloadAssembly (893ms)
		BeginReloadAssembly (115ms)
			ExecutionOrderSort (0ms)
			DisableScriptedObjects (6ms)
			BackupInstance (0ms)
			ReleaseScriptingObjects (0ms)
			CreateAndSetChildDomain (27ms)
		EndReloadAssembly (683ms)
			LoadAssemblies (72ms)
			RebuildTransferFunctionScriptingTraits (0ms)
			SetupTypeCache (237ms)
			ReleaseScriptCaches (1ms)
			RebuildScriptCaches (42ms)
			SetupLoadedEditorAssemblies (290ms)
				LogAssemblyErrors (0ms)
				InitializePlatformSupportModulesInManaged (25ms)
				SetLoadedEditorAssemblies (0ms)
				RefreshPlugins (1ms)
				BeforeProcessingInitializeOnLoad (68ms)
				ProcessInitializeOnLoadAttributes (173ms)
				ProcessInitializeOnLoadMethodAttributes (17ms)
				AfterProcessingInitializeOnLoad (6ms)
				EditorAssembliesLoaded (0ms)
			ExecutionOrderSort2 (0ms)
			AwakeInstancesAfterBackupRestoration (5ms)
Platform modules already initialized, skipping
Refreshing native plugins compatible for Editor in 1.81 ms, found 3 plugins.
Preloading 0 native plugins for Editor in 0.00 ms.
Unloading 3056 Unused Serialized files (Serialized files now loaded: 0)
Unloading 28 unused Assets / (55.8 MB). Loaded Objects now: 3596.
Memory consumption went from 196.8 MB to 140.9 MB.
Total: 4.062300 ms (FindLiveObjects: 0.243500 ms CreateObjectMapping: 0.075400 ms MarkObjects: 2.144700 ms  DeleteObjects: 1.597800 ms)

AssetImportParameters requested are different than current active one (requested -> active):
  custom:video-decoder-ogg-theora: a1e56fd34408186e4bbccfd4996cb3dc -> 
  custom:container-muxer-webm: aa71ff27fc2769a1b78a27578f13a17b -> 
  custom:container-demuxer-webm: 4f35f7cbe854078d1ac9338744f61a02 -> 
  custom:video-encoder-webm-vp8: eb34c28f22e8b96e1ab97ce403110664 -> 
  custom:video-codec-MediaFoundation-h265: 746d11721c4dcdbdad8f713fa42b33f4 -> 
  custom:audio-encoder-webm-vorbis: bf7c407c2cedff20999df2af8eb42d56 -> 
  custom:framework-win-MediaFoundation: 216162199b28c13a410421893ffa2e32 -> 
  custom:container-demuxer-ogg: 62fdf1f143b41e24485cea50d1cbac27 -> 
  custom:video-decoder-webm-vp8: 9c59270c3fd7afecdb556c50c9e8de78 -> 
  custom:audio-decoder-ogg-vorbis: bf7c407c2cedff20999df2af8eb42d56 -> 
========================================================================
Received Prepare
Registering precompiled user dll's ...
Registered in 0.003639 seconds.
Begin MonoManager ReloadAssembly
Symbol file LoadedFromMemory doesn't match image E:\Ülkem E\Unity Projeler\Unity-Runner-Game\Runner\Library\PackageCache\com.unity.visualscripting@1.8.0\Editor\VisualScripting.Core\Dependencies\YamlDotNet\Unity.VisualScripting.YamlDotNet.dll
Symbol file LoadedFromMemory doesn't match image E:\Ülkem E\Unity Projeler\Unity-Runner-Game\Runner\Library\PackageCache\com.unity.visualscripting@1.8.0\Editor\VisualScripting.Core\Dependencies\DotNetZip\Unity.VisualScripting.IonicZip.dll
Native extension for WindowsStandalone target not found
Native extension for Android target not found
Refreshing native plugins compatible for Editor in 0.57 ms, found 3 plugins.
Preloading 0 native plugins for Editor in 0.00 ms.
Mono: successfully reloaded assembly
- Completed reload, in  0.894 seconds
Domain Reload Profiling:
	ReloadAssembly (895ms)
		BeginReloadAssembly (121ms)
			ExecutionOrderSort (0ms)
			DisableScriptedObjects (7ms)
			BackupInstance (0ms)
			ReleaseScriptingObjects (0ms)
			CreateAndSetChildDomain (29ms)
		EndReloadAssembly (678ms)
			LoadAssemblies (70ms)
			RebuildTransferFunctionScriptingTraits (0ms)
			SetupTypeCache (237ms)
			ReleaseScriptCaches (1ms)
			RebuildScriptCaches (37ms)
			SetupLoadedEditorAssemblies (294ms)
				LogAssemblyErrors (0ms)
				InitializePlatformSupportModulesInManaged (27ms)
				SetLoadedEditorAssemblies (0ms)
				RefreshPlugins (1ms)
				BeforeProcessingInitializeOnLoad (66ms)
				ProcessInitializeOnLoadAttributes (179ms)
				ProcessInitializeOnLoadMethodAttributes (16ms)
				AfterProcessingInitializeOnLoad (6ms)
				EditorAssembliesLoaded (0ms)
			ExecutionOrderSort2 (0ms)
			AwakeInstancesAfterBackupRestoration (5ms)
Platform modules already initialized, skipping
Refreshing native plugins compatible for Editor in 1.53 ms, found 3 plugins.
Preloading 0 native plugins for Editor in 0.00 ms.
Unloading 3056 Unused Serialized files (Serialized files now loaded: 0)
Unloading 28 unused Assets / (55.8 MB). Loaded Objects now: 3599.
Memory consumption went from 196.8 MB to 140.9 MB.
Total: 4.536500 ms (FindLiveObjects: 0.275400 ms CreateObjectMapping: 0.076100 ms MarkObjects: 2.583600 ms  DeleteObjects: 1.600300 ms)

AssetImportParameters requested are different than current active one (requested -> active):
  custom:video-decoder-ogg-theora: a1e56fd34408186e4bbccfd4996cb3dc -> 
  custom:container-muxer-webm: aa71ff27fc2769a1b78a27578f13a17b -> 
  custom:container-demuxer-webm: 4f35f7cbe854078d1ac9338744f61a02 -> 
  custom:video-encoder-webm-vp8: eb34c28f22e8b96e1ab97ce403110664 -> 
  custom:video-codec-MediaFoundation-h265: 746d11721c4dcdbdad8f713fa42b33f4 -> 
  custom:audio-encoder-webm-vorbis: bf7c407c2cedff20999df2af8eb42d56 -> 
  custom:framework-win-MediaFoundation: 216162199b28c13a410421893ffa2e32 -> 
  custom:container-demuxer-ogg: 62fdf1f143b41e24485cea50d1cbac27 -> 
  custom:video-decoder-webm-vp8: 9c59270c3fd7afecdb556c50c9e8de78 -> 
  custom:audio-decoder-ogg-vorbis: bf7c407c2cedff20999df2af8eb42d56 -> 
========================================================================
Received Prepare
Registering precompiled user dll's ...
Registered in 0.002393 seconds.
Begin MonoManager ReloadAssembly
Symbol file LoadedFromMemory doesn't match image E:\Ülkem E\Unity Projeler\Unity-Runner-Game\Runner\Library\PackageCache\com.unity.visualscripting@1.8.0\Editor\VisualScripting.Core\Dependencies\YamlDotNet\Unity.VisualScripting.YamlDotNet.dll
Symbol file LoadedFromMemory doesn't match image E:\Ülkem E\Unity Projeler\Unity-Runner-Game\Runner\Library\PackageCache\com.unity.visualscripting@1.8.0\Editor\VisualScripting.Core\Dependencies\DotNetZip\Unity.VisualScripting.IonicZip.dll
Native extension for WindowsStandalone target not found
Native extension for Android target not found
Refreshing native plugins compatible for Editor in 0.91 ms, found 3 plugins.
Preloading 0 native plugins for Editor in 0.00 ms.
Mono: successfully reloaded assembly
- Completed reload, in  0.900 seconds
Domain Reload Profiling:
	ReloadAssembly (901ms)
		BeginReloadAssembly (111ms)
			ExecutionOrderSort (0ms)
			DisableScriptedObjects (5ms)
			BackupInstance (0ms)
			ReleaseScriptingObjects (0ms)
			CreateAndSetChildDomain (28ms)
		EndReloadAssembly (700ms)
			LoadAssemblies (68ms)
			RebuildTransferFunctionScriptingTraits (0ms)
			SetupTypeCache (252ms)
			ReleaseScriptCaches (1ms)
			RebuildScriptCaches (35ms)
			SetupLoadedEditorAssemblies (302ms)
				LogAssemblyErrors (0ms)
				InitializePlatformSupportModulesInManaged (24ms)
				SetLoadedEditorAssemblies (0ms)
				RefreshPlugins (1ms)
				BeforeProcessingInitializeOnLoad (64ms)
				ProcessInitializeOnLoadAttributes (189ms)
				ProcessInitializeOnLoadMethodAttributes (16ms)
				AfterProcessingInitializeOnLoad (7ms)
				EditorAssembliesLoaded (0ms)
			ExecutionOrderSort2 (0ms)
			AwakeInstancesAfterBackupRestoration (5ms)
Platform modules already initialized, skipping
Refreshing native plugins compatible for Editor in 1.14 ms, found 3 plugins.
Preloading 0 native plugins for Editor in 0.00 ms.
Unloading 3056 Unused Serialized files (Serialized files now loaded: 0)
Unloading 28 unused Assets / (55.8 MB). Loaded Objects now: 3602.
Memory consumption went from 196.8 MB to 141.0 MB.
Total: 4.785800 ms (FindLiveObjects: 0.459500 ms CreateObjectMapping: 0.125200 ms MarkObjects: 2.232300 ms  DeleteObjects: 1.967700 ms)

AssetImportParameters requested are different than current active one (requested -> active):
  custom:video-decoder-ogg-theora: a1e56fd34408186e4bbccfd4996cb3dc -> 
  custom:container-muxer-webm: aa71ff27fc2769a1b78a27578f13a17b -> 
  custom:container-demuxer-webm: 4f35f7cbe854078d1ac9338744f61a02 -> 
  custom:video-encoder-webm-vp8: eb34c28f22e8b96e1ab97ce403110664 -> 
  custom:video-codec-MediaFoundation-h265: 746d11721c4dcdbdad8f713fa42b33f4 -> 
  custom:audio-encoder-webm-vorbis: bf7c407c2cedff20999df2af8eb42d56 -> 
  custom:framework-win-MediaFoundation: 216162199b28c13a410421893ffa2e32 -> 
  custom:container-demuxer-ogg: 62fdf1f143b41e24485cea50d1cbac27 -> 
  custom:video-decoder-webm-vp8: 9c59270c3fd7afecdb556c50c9e8de78 -> 
  custom:audio-decoder-ogg-vorbis: bf7c407c2cedff20999df2af8eb42d56 -> 
========================================================================
Received Prepare
Registering precompiled user dll's ...
Registered in 0.002971 seconds.
Begin MonoManager ReloadAssembly
Symbol file LoadedFromMemory doesn't match image E:\Ülkem E\Unity Projeler\Unity-Runner-Game\Runner\Library\PackageCache\com.unity.visualscripting@1.8.0\Editor\VisualScripting.Core\Dependencies\YamlDotNet\Unity.VisualScripting.YamlDotNet.dll
Symbol file LoadedFromMemory doesn't match image E:\Ülkem E\Unity Projeler\Unity-Runner-Game\Runner\Library\PackageCache\com.unity.visualscripting@1.8.0\Editor\VisualScripting.Core\Dependencies\DotNetZip\Unity.VisualScripting.IonicZip.dll
Native extension for WindowsStandalone target not found
Native extension for Android target not found
Refreshing native plugins compatible for Editor in 0.68 ms, found 3 plugins.
Preloading 0 native plugins for Editor in 0.00 ms.
Mono: successfully reloaded assembly
- Completed reload, in  0.878 seconds
Domain Reload Profiling:
	ReloadAssembly (879ms)
		BeginReloadAssembly (110ms)
			ExecutionOrderSort (0ms)
			DisableScriptedObjects (5ms)
			BackupInstance (0ms)
			ReleaseScriptingObjects (0ms)
			CreateAndSetChildDomain (27ms)
		EndReloadAssembly (681ms)
			LoadAssemblies (64ms)
			RebuildTransferFunctionScriptingTraits (0ms)
			SetupTypeCache (235ms)
			ReleaseScriptCaches (1ms)
			RebuildScriptCaches (38ms)
			SetupLoadedEditorAssemblies (294ms)
				LogAssemblyErrors (0ms)
				InitializePlatformSupportModulesInManaged (25ms)
				SetLoadedEditorAssemblies (0ms)
				RefreshPlugins (1ms)
				BeforeProcessingInitializeOnLoad (64ms)
				ProcessInitializeOnLoadAttributes (178ms)
				ProcessInitializeOnLoadMethodAttributes (19ms)
				AfterProcessingInitializeOnLoad (6ms)
				EditorAssembliesLoaded (0ms)
			ExecutionOrderSort2 (0ms)
			AwakeInstancesAfterBackupRestoration (6ms)
Platform modules already initialized, skipping
Refreshing native plugins compatible for Editor in 1.54 ms, found 3 plugins.
Preloading 0 native plugins for Editor in 0.00 ms.
Unloading 3056 Unused Serialized files (Serialized files now loaded: 0)
Unloading 28 unused Assets / (55.8 MB). Loaded Objects now: 3605.
Memory consumption went from 196.8 MB to 141.0 MB.
Total: 4.233600 ms (FindLiveObjects: 0.279200 ms CreateObjectMapping: 0.077400 ms MarkObjects: 2.385200 ms  DeleteObjects: 1.491000 ms)

AssetImportParameters requested are different than current active one (requested -> active):
  custom:video-decoder-ogg-theora: a1e56fd34408186e4bbccfd4996cb3dc -> 
  custom:container-muxer-webm: aa71ff27fc2769a1b78a27578f13a17b -> 
  custom:container-demuxer-webm: 4f35f7cbe854078d1ac9338744f61a02 -> 
  custom:video-encoder-webm-vp8: eb34c28f22e8b96e1ab97ce403110664 -> 
  custom:video-codec-MediaFoundation-h265: 746d11721c4dcdbdad8f713fa42b33f4 -> 
  custom:audio-encoder-webm-vorbis: bf7c407c2cedff20999df2af8eb42d56 -> 
  custom:framework-win-MediaFoundation: 216162199b28c13a410421893ffa2e32 -> 
  custom:container-demuxer-ogg: 62fdf1f143b41e24485cea50d1cbac27 -> 
  custom:video-decoder-webm-vp8: 9c59270c3fd7afecdb556c50c9e8de78 -> 
  custom:audio-decoder-ogg-vorbis: bf7c407c2cedff20999df2af8eb42d56 -> 
========================================================================
Received Prepare
Registering precompiled user dll's ...
Registered in 0.002594 seconds.
Begin MonoManager ReloadAssembly
Symbol file LoadedFromMemory doesn't match image E:\Ülkem E\Unity Projeler\Unity-Runner-Game\Runner\Library\PackageCache\com.unity.visualscripting@1.8.0\Editor\VisualScripting.Core\Dependencies\YamlDotNet\Unity.VisualScripting.YamlDotNet.dll
Symbol file LoadedFromMemory doesn't match image E:\Ülkem E\Unity Projeler\Unity-Runner-Game\Runner\Library\PackageCache\com.unity.visualscripting@1.8.0\Editor\VisualScripting.Core\Dependencies\DotNetZip\Unity.VisualScripting.IonicZip.dll
Native extension for WindowsStandalone target not found
Native extension for Android target not found
Refreshing native plugins compatible for Editor in 0.62 ms, found 3 plugins.
Preloading 0 native plugins for Editor in 0.00 ms.
Mono: successfully reloaded assembly
- Completed reload, in  0.886 seconds
Domain Reload Profiling:
	ReloadAssembly (887ms)
		BeginReloadAssembly (110ms)
			ExecutionOrderSort (0ms)
			DisableScriptedObjects (5ms)
			BackupInstance (0ms)
			ReleaseScriptingObjects (0ms)
			CreateAndSetChildDomain (28ms)
		EndReloadAssembly (689ms)
			LoadAssemblies (64ms)
			RebuildTransferFunctionScriptingTraits (0ms)
			SetupTypeCache (230ms)
			ReleaseScriptCaches (1ms)
			RebuildScriptCaches (37ms)
			SetupLoadedEditorAssemblies (309ms)
				LogAssemblyErrors (0ms)
				InitializePlatformSupportModulesInManaged (23ms)
				SetLoadedEditorAssemblies (0ms)
				RefreshPlugins (1ms)
				BeforeProcessingInitializeOnLoad (65ms)
				ProcessInitializeOnLoadAttributes (194ms)
				ProcessInitializeOnLoadMethodAttributes (18ms)
				AfterProcessingInitializeOnLoad (7ms)
				EditorAssembliesLoaded (0ms)
			ExecutionOrderSort2 (0ms)
			AwakeInstancesAfterBackupRestoration (6ms)
Platform modules already initialized, skipping
Refreshing native plugins compatible for Editor in 1.32 ms, found 3 plugins.
Preloading 0 native plugins for Editor in 0.00 ms.
Unloading 3056 Unused Serialized files (Serialized files now loaded: 0)
Unloading 28 unused Assets / (55.8 MB). Loaded Objects now: 3608.
Memory consumption went from 196.8 MB to 141.0 MB.
Total: 4.225400 ms (FindLiveObjects: 0.293800 ms CreateObjectMapping: 0.077000 ms MarkObjects: 2.152600 ms  DeleteObjects: 1.701000 ms)

AssetImportParameters requested are different than current active one (requested -> active):
  custom:video-decoder-ogg-theora: a1e56fd34408186e4bbccfd4996cb3dc -> 
  custom:container-muxer-webm: aa71ff27fc2769a1b78a27578f13a17b -> 
  custom:container-demuxer-webm: 4f35f7cbe854078d1ac9338744f61a02 -> 
  custom:video-encoder-webm-vp8: eb34c28f22e8b96e1ab97ce403110664 -> 
  custom:video-codec-MediaFoundation-h265: 746d11721c4dcdbdad8f713fa42b33f4 -> 
  custom:audio-encoder-webm-vorbis: bf7c407c2cedff20999df2af8eb42d56 -> 
  custom:framework-win-MediaFoundation: 216162199b28c13a410421893ffa2e32 -> 
  custom:container-demuxer-ogg: 62fdf1f143b41e24485cea50d1cbac27 -> 
  custom:video-decoder-webm-vp8: 9c59270c3fd7afecdb556c50c9e8de78 -> 
  custom:audio-decoder-ogg-vorbis: bf7c407c2cedff20999df2af8eb42d56 -> 
========================================================================
Received Prepare
Registering precompiled user dll's ...
Registered in 0.002643 seconds.
Begin MonoManager ReloadAssembly
Symbol file LoadedFromMemory doesn't match image E:\Ülkem E\Unity Projeler\Unity-Runner-Game\Runner\Library\PackageCache\com.unity.visualscripting@1.8.0\Editor\VisualScripting.Core\Dependencies\YamlDotNet\Unity.VisualScripting.YamlDotNet.dll
Symbol file LoadedFromMemory doesn't match image E:\Ülkem E\Unity Projeler\Unity-Runner-Game\Runner\Library\PackageCache\com.unity.visualscripting@1.8.0\Editor\VisualScripting.Core\Dependencies\DotNetZip\Unity.VisualScripting.IonicZip.dll
Native extension for WindowsStandalone target not found
Native extension for Android target not found
Refreshing native plugins compatible for Editor in 0.71 ms, found 3 plugins.
Preloading 0 native plugins for Editor in 0.00 ms.
Mono: successfully reloaded assembly
- Completed reload, in  0.872 seconds
Domain Reload Profiling:
	ReloadAssembly (873ms)
		BeginReloadAssembly (109ms)
			ExecutionOrderSort (0ms)
			DisableScriptedObjects (5ms)
			BackupInstance (0ms)
			ReleaseScriptingObjects (0ms)
			CreateAndSetChildDomain (28ms)
		EndReloadAssembly (678ms)
			LoadAssemblies (63ms)
			RebuildTransferFunctionScriptingTraits (0ms)
			SetupTypeCache (229ms)
			ReleaseScriptCaches (1ms)
			RebuildScriptCaches (38ms)
			SetupLoadedEditorAssemblies (300ms)
				LogAssemblyErrors (0ms)
				InitializePlatformSupportModulesInManaged (21ms)
				SetLoadedEditorAssemblies (0ms)
				RefreshPlugins (1ms)
				BeforeProcessingInitializeOnLoad (72ms)
				ProcessInitializeOnLoadAttributes (183ms)
				ProcessInitializeOnLoadMethodAttributes (16ms)
				AfterProcessingInitializeOnLoad (7ms)
				EditorAssembliesLoaded (0ms)
			ExecutionOrderSort2 (0ms)
			AwakeInstancesAfterBackupRestoration (5ms)
Platform modules already initialized, skipping
Refreshing native plugins compatible for Editor in 1.54 ms, found 3 plugins.
Preloading 0 native plugins for Editor in 0.00 ms.
Unloading 3056 Unused Serialized files (Serialized files now loaded: 0)
Unloading 28 unused Assets / (55.8 MB). Loaded Objects now: 3611.
Memory consumption went from 196.8 MB to 141.0 MB.
Total: 4.190300 ms (FindLiveObjects: 0.264300 ms CreateObjectMapping: 0.067200 ms MarkObjects: 2.153900 ms  DeleteObjects: 1.704200 ms)

AssetImportParameters requested are different than current active one (requested -> active):
  custom:video-decoder-ogg-theora: a1e56fd34408186e4bbccfd4996cb3dc -> 
  custom:container-muxer-webm: aa71ff27fc2769a1b78a27578f13a17b -> 
  custom:container-demuxer-webm: 4f35f7cbe854078d1ac9338744f61a02 -> 
  custom:video-encoder-webm-vp8: eb34c28f22e8b96e1ab97ce403110664 -> 
  custom:video-codec-MediaFoundation-h265: 746d11721c4dcdbdad8f713fa42b33f4 -> 
  custom:audio-encoder-webm-vorbis: bf7c407c2cedff20999df2af8eb42d56 -> 
  custom:framework-win-MediaFoundation: 216162199b28c13a410421893ffa2e32 -> 
  custom:container-demuxer-ogg: 62fdf1f143b41e24485cea50d1cbac27 -> 
  custom:video-decoder-webm-vp8: 9c59270c3fd7afecdb556c50c9e8de78 -> 
  custom:audio-decoder-ogg-vorbis: bf7c407c2cedff20999df2af8eb42d56 -> 
